<?xml version="1.0" encoding="UTF-8"?>
<!-- Generated by org.testng.reporters.JUnitReportReporter -->
<testsuite hostname="Kunal" failures="0" tests="1" name="test.HomeTest" time="5.596" errors="0" timestamp="2025-03-03T18:46:37 IST" skipped="0">
  <testcase classname="test.HomeTest" name="verifyProductDetailsInQuickView" time="5.596"/>
</testsuite> <!-- test.HomeTest -->
