<?xml version="1.0" encoding="UTF-8"?>
<!-- Generated by org.testng.reporters.JUnitReportReporter -->
<testsuite hostname="Kunal" failures="0" tests="1" name="test.ProductDetailsTest" time="5.871" errors="0" timestamp="2025-03-03T18:51:22 IST" skipped="0">
  <testcase classname="test.ProductDetailsTest" name="verifyClickableProductFromHomePageToProductDetailsPage" time="5.871"/>
</testsuite> <!-- test.ProductDetailsTest -->
