<?xml version="1.0" encoding="UTF-8"?>
<!-- Generated by org.testng.reporters.JUnitReportReporter -->
<testsuite hostname="Kunal" failures="0" tests="1" name="test.ProductDetailsTest" time="17.322" errors="0" timestamp="2025-03-04T16:01:31 IST" skipped="0">
  <testcase classname="test.ProductDetailsTest" name="verifyClickHereToBuyProductFromProductDetailsPageAndCartVisible" time="17.322"/>
</testsuite> <!-- test.ProductDetailsTest -->
