<?xml version="1.0" encoding="UTF-8"?>
<!-- Generated by org.testng.reporters.JUnitReportReporter -->
<testsuite hostname="Kunal" failures="0" tests="1" name="test.Cart_Test" time="7.152" errors="0" timestamp="2025-03-06T16:10:00 IST" skipped="0">
  <testcase classname="test.Cart_Test" name="clickMultipleProductAddToCartAndVerifyInCart" time="7.152"/>
</testsuite> <!-- test.Cart_Test -->
