<?xml version="1.0" encoding="UTF-8"?>
<!-- Generated by org.testng.reporters.JUnitReportReporter -->
<testsuite hostname="Kunal" failures="0" tests="5" name="test.HomeTest" time="25.455" errors="0" timestamp="2025-03-07T08:04:52 IST" skipped="0">
  <testcase classname="test.HomeTest" name="verifyAfterClickCartBtnCartVisibleOrNot" time="4.053"/>
  <testcase classname="test.HomeTest" name="verifyInvalidSearchProductToProductInformation" time="5.826"/>
  <testcase classname="test.HomeTest" name="verifyProductDetailsInQuickView" time="6.262"/>
  <testcase classname="test.HomeTest" name="verifyProductsIsVisibleInShoppingCategories" time="3.982"/>
  <testcase classname="test.HomeTest" name="verifySearchProductToProductInformation" time="5.332"/>
</testsuite> <!-- test.HomeTest -->
