<?xml version="1.0" encoding="UTF-8"?>
<!-- Generated by org.testng.reporters.JUnitReportReporter -->
<testsuite hostname="Kunal" failures="0" tests="1" name="test.CartTest" time="5.963" errors="0" timestamp="2025-03-04T07:48:23 IST" skipped="0">
  <testcase classname="test.CartTest" name="clickSingleProductAddToCartAndVerifyInCart" time="5.963"/>
</testsuite> <!-- test.CartTest -->
