<?xml version="1.0" encoding="UTF-8"?>
<!-- Generated by org.testng.reporters.JUnitReportReporter -->
<testsuite hostname="Kunal" failures="0" tests="7" name="test.CartTest" time="86.918" errors="0" timestamp="2025-03-06T16:42:52 IST" skipped="0">
  <testcase classname="test.CartTest" name="verifyCalculationOfOrderAmountAfterIncreasingQuantity" time="22.044"/>
  <testcase classname="test.CartTest" name="verifyTotalOrdersAmountToCartAmount" time="6.193"/>
  <testcase classname="test.CartTest" name="clickMultipleProductAddToCartAndVerifyInCart" time="17.836"/>
  <testcase classname="test.CartTest" name="clickSingleProductAddToCartAndVerifyInCart" time="11.968"/>
  <testcase classname="test.CartTest" name="verifyCalculationCartAmountAndGiftVoucher" time="5.257"/>
  <testcase classname="test.CartTest" name="verifyRemoveFromCart" time="18.578"/>
  <testcase classname="test.CartTest" name="verifyCalculationOfUnitPriceAndShippingPriceToOrderAmount" time="5.042"/>
</testsuite> <!-- test.CartTest -->
