<?xml version="1.0" encoding="UTF-8"?>
<!-- Generated by org.testng.reporters.JUnitReportReporter -->
<testsuite hostname="Kunal" failures="0" tests="1" name="test.HomeTest" time="5.751" errors="0" timestamp="2025-03-07T08:22:03 IST" skipped="0">
  <testcase classname="test.HomeTest" name="verifyVendorButtonWorkingOrNot" time="5.751"/>
</testsuite> <!-- test.HomeTest -->
