<?xml version="1.0" encoding="UTF-8"?>
<!-- Generated by org.testng.reporters.JUnitReportReporter -->
<testsuite hostname="Kunal" failures="0" tests="2" name="test.ProductDetailsTest" time="21.495" errors="0" timestamp="2025-03-07T08:04:52 IST" skipped="0">
  <testcase classname="test.ProductDetailsTest" name="verifyClickHereToBuyProductFromProductDetailsPageAndCartVisible" time="6.861"/>
  <testcase classname="test.ProductDetailsTest" name="verifyClickableProductFromHomePageToProductDetailsPage" time="14.634"/>
</testsuite> <!-- test.ProductDetailsTest -->
