<?xml version="1.0" encoding="UTF-8"?>
<!-- Generated by org.testng.reporters.JUnitReportReporter -->
<testsuite hostname="Kunal" failures="0" tests="7" name="test.CartTest" time="66.937" errors="0" timestamp="2025-03-07T08:04:52 IST" skipped="0">
  <testcase classname="test.CartTest" name="verifyTotalOrdersAmountToCartAmount" time="10.506"/>
  <testcase classname="test.CartTest" name="verifyCalculationOfUnitPriceAndShippingPriceToOrderAmount" time="8.412"/>
  <testcase classname="test.CartTest" name="verifyCalculationOfOrderAmountAfterIncreasingQuantity" time="13.632"/>
  <testcase classname="test.CartTest" name="verifyRemoveFromCart" time="8.000"/>
  <testcase classname="test.CartTest" name="clickMultipleProductAddToCartAndVerifyInCart" time="10.085"/>
  <testcase classname="test.CartTest" name="clickSingleProductAddToCartAndVerifyInCart" time="6.634"/>
  <testcase classname="test.CartTest" name="verifyCalculationCartAmountAndGiftVoucher" time="9.668"/>
</testsuite> <!-- test.CartTest -->
